MATLAB is selecting SOFTWARE OPENGL rendering.

                            < M A T L A B (R) >
                  Copyright 1984-2017 The MathWorks, Inc.
                   R2017a (9.2.0.556344) 64-bit (glnxa64)
                               March 27, 2017

 
To get started, type one of these: helpwin, helpdesk, or demo.
For product information, visit www.mathworks.com.
 
Computing masses
Starting parallel pool (parpool) using the 'local' profile ...
connected to 12 workers.
125/309
72/309
18/309
141/309
54/309
168/309
155/309
108/309
90/309
191/309
36/309
180/309
89/309
107/309
35/309
71/309
17/309
154/309
124/309
53/309
shell en cubo 2
190/309
shell en cubo 2
179/309
140/309
shell en cubo 2
167/309
106/309
123/309
153/309
16/309
70/309
34/309
88/309
Warning: Matrix is close to singular or badly scaled. Results may be inaccurate. RCOND =  1.854450e-16.
> In ellipse_fit_opt_V2 (line 7)
139/309
52/309
shell en cubo 2
189/309
105/309
shell en cubo 2
166/309
122/309
15/309
87/309
69/309
  In depurar_puntos_V5 (line 6)
  In compute_mass_V5 (line 195)
  In parallel_function>make_general_channel/channel_general (line 914)
  In remoteParallelFunction (line 38)
33/309
shell en cubo 2
178/309
138/309
152/309
Warning: Matrix is close to singular or badly scaled. Results may be inaccurate. RCOND =  1.503389e-16.
> In ellipse_fit_opt_V2 (line 7)
shell en cubo 2
51/309
121/309
68/309
shell en cubo 2
165/309
104/309
  In depurar_puntos_V5 (line 6)
  In compute_mass_V5 (line 195)
  In parallel_function>make_general_channel/channel_general (line 914)
  In remoteParallelFunction (line 38)
Warning: Matrix is close to singular or badly scaled. Results may be inaccurate. RCOND =  1.503389e-16.
> In ellipse_fit_opt_V2 (line 7)
  In depurar_puntos_V5 (line 6)
  In compute_mass_V5 (line 195)
  In parallel_function>make_general_channel/channel_general (line 914)
  In remoteParallelFunction (line 38)
151/309
86/309
32/309
14/309
Warning: Matrix is close to singular or badly scaled. Results may be inaccurate. RCOND =  1.157538e-16.
> In ellipse_fit_opt_V2 (line 7)
shell en cubo 2
50/309
shell en cubo 2
177/309
shell en cubo 2
188/309
shell en cubo 2
164/309
13/309
  In depurar_puntos_V5 (line 6)
  In compute_mass_V5 (line 195)
  In parallel_function>make_general_channel/channel_general (line 914)
  In remoteParallelFunction (line 38)
Warning: Matrix is close to singular or badly scaled. Results may be inaccurate. RCOND =  1.157538e-16.
> In ellipse_fit_opt_V2 (line 7)
  In depurar_puntos_V5 (line 6)
  In compute_mass_V5 (line 195)
  In parallel_function>make_general_channel/channel_general (line 914)
  In remoteParallelFunction (line 38)
31/309
137/309
49/309
150/309
120/309
85/309
67/309
Warning: Matrix is close to singular or badly scaled. Results may be inaccurate. RCOND =  2.101562e-17.
> In ellipse_fit_opt_V2 (line 7)
103/309
shell en cubo 2
163/309
30/309
  In depurar_puntos_V5 (line 6)
  In compute_mass_V5 (line 195)
  In parallel_function>make_general_channel/channel_general (line 914)
  In remoteParallelFunction (line 38)
Warning: Matrix is close to singular or badly scaled. Results may be inaccurate. RCOND =  2.101562e-17.
> In ellipse_fit_opt_V2 (line 7)
  In depurar_puntos_V5 (line 6)
  In compute_mass_V5 (line 195)
  In parallel_function>make_general_channel/channel_general (line 914)
  In remoteParallelFunction (line 38)
66/309
48/309
136/309
shell en cubo 2
187/309
84/309
119/309
Warning: Matrix is close to singular or badly scaled. Results may be inaccurate. RCOND =  1.088003e-16.
> In ellipse_fit_opt_V2 (line 7)
  In depurar_puntos_V5 (line 6)
  In compute_mass_V5 (line 195)
  In parallel_function>make_general_channel/channel_general (line 914)
  In remoteParallelFunction (line 38)
Warning: Matrix is close to singular or badly scaled. Results may be inaccurate. RCOND =  1.088003e-16.
> In ellipse_fit_opt_V2 (line 7)
  In depurar_puntos_V5 (line 6)
  In compute_mass_V5 (line 195)
  In parallel_function>make_general_channel/channel_general (line 914)
  In remoteParallelFunction (line 38)
Warning: Matrix is close to singular or badly scaled. Results may be inaccurate. RCOND =  2.098095e-16.
> In ellipse_fit_opt_V2 (line 7)
102/309
149/309
  In depurar_puntos_V5 (line 6)
  In compute_mass_V5 (line 195)
  In parallel_function>make_general_channel/channel_general (line 914)
  In remoteParallelFunction (line 38)
Warning: Matrix is close to singular or badly scaled. Results may be inaccurate. RCOND =  1.817971e-16.
> In ellipse_fit_opt_V2 (line 7)
12/309
65/309
shell en cubo 2
162/309
135/309
83/309
shell en cubo 2
176/309
shell en cubo 2
186/309
  In depurar_puntos_V5 (line 6)
  In compute_mass_V5 (line 195)
  In parallel_function>make_general_channel/channel_general (line 914)
  In remoteParallelFunction (line 38)
Warning: Matrix is close to singular or badly scaled. Results may be inaccurate. RCOND =  1.817971e-16.
> In ellipse_fit_opt_V2 (line 7)
  In depurar_puntos_V5 (line 6)
  In compute_mass_V5 (line 195)
  In parallel_function>make_general_channel/channel_general (line 914)
  In remoteParallelFunction (line 38)
47/309
29/309
148/309
11/309
101/309
118/309
161/309
64/309
46/309
shell en cubo 2
175/309
10/309
82/309
134/309
28/309
shell en cubo 2
185/309
63/309
160/309
100/309
147/309
117/309
62/309
133/309
9/309
81/309
shell en cubo 2
45/309
shell en cubo 2
184/309
27/309
146/309
159/309
99/309
116/309
shell en cubo 2
174/309
8/309
shell en cubo 2
44/309
80/309
shell en cubo 2
61/309
26/309
145/309
98/309
132/309
115/309
158/309
shell en cubo 2
173/309
60/309
25/309
shell en cubo 2
43/309
144/309
79/309
97/309
shell en cubo 2
183/309
7/309
114/309
131/309
157/309
shell en cubo 2
59/309
143/309
24/309
78/309
96/309
shell en cubo 2
172/309
6/309
shell en cubo 2
182/309
113/309
130/309
shell en cubo 2
42/309
142/309
95/309
5/309
156/309
77/309
112/309
shell en cubo 2
23/309
129/309
shell en cubo 2
181/309
shell en cubo 2
58/309
shell en cubo 2
41/309
94/309
76/309
Warning: Matrix is close to singular or badly scaled. Results may be inaccurate. RCOND =  1.752162e-16.
> In ellipse_fit_opt_V2 (line 7)
shell en cubo 2
22/309
111/309
shell en cubo 2
171/309
57/309
4/309
shell en cubo 2
40/309
93/309
128/309
  In depurar_puntos_V5 (line 6)
  In compute_mass_V5 (line 195)
  In parallel_function>make_general_channel/channel_general (line 914)
  In remoteParallelFunction (line 38)
Warning: Matrix is close to singular or badly scaled. Results may be inaccurate. RCOND =  1.752162e-16.
> In ellipse_fit_opt_V2 (line 7)
  In depurar_puntos_V5 (line 6)
  In compute_mass_V5 (line 195)
  In parallel_function>make_general_channel/channel_general (line 914)
  In remoteParallelFunction (line 38)
Warning: Matrix is close to singular or badly scaled. Results may be inaccurate. RCOND =  1.752162e-16.
> In ellipse_fit_opt_V2 (line 7)
  In depurar_puntos_V5 (line 6)
  In compute_mass_V5 (line 195)
  In parallel_function>make_general_channel/channel_general (line 914)
  In remoteParallelFunction (line 38)
75/309
3/309
56/309
shell en cubo 2
21/309
110/309
210/309
shell en cubo 2
209/309
shell en cubo 2
170/309
219/309
218/309
74/309
201/309
shell en cubo 2
200/309
Warning: Matrix is close to singular or badly scaled. Results may be inaccurate. RCOND =  2.083556e-17.
> In ellipse_fit_opt_V2 (line 7)
39/309
92/309
Warning: Matrix is close to singular or badly scaled. Results may be inaccurate. RCOND =  2.111393e-17.
> In ellipse_fit_opt_V2 (line 7)
  In depurar_puntos_V5 (line 6)
  In compute_mass_V5 (line 158)
  In parallel_function>make_general_channel/channel_general (line 914)
  In remoteParallelFunction (line 38)
Warning: Matrix is close to singular or badly scaled. Results may be inaccurate. RCOND =  2.115684e-17.
> In ellipse_fit_opt_V2 (line 7)
  In depurar_puntos_V5 (line 6)
  In compute_mass_V5 (line 195)
  In parallel_function>make_general_channel/channel_general (line 914)
  In remoteParallelFunction (line 38)
Warning: Matrix is close to singular or badly scaled. Results may be inaccurate. RCOND =  3.400784e-17.
> In ellipse_fit_opt_V2 (line 7)
  In depurar_puntos_V5 (line 6)
  In compute_mass_V5 (line 195)
  In parallel_function>make_general_channel/channel_general (line 914)
  In remoteParallelFunction (line 38)
Warning: Matrix is close to singular or badly scaled. Results may be inaccurate. RCOND =  4.165442e-17.
> In ellipse_fit_opt_V2 (line 7)
  In depurar_puntos_V5 (line 6)
  In compute_mass_V5 (line 195)
  In parallel_function>make_general_channel/channel_general (line 914)
  In remoteParallelFunction (line 38)
Warning: Matrix is close to singular or badly scaled. Results may be inaccurate. RCOND =  4.165442e-17.
> In ellipse_fit_opt_V2 (line 7)
  In depurar_puntos_V5 (line 6)
  In compute_mass_V5 (line 195)
  In parallel_function>make_general_channel/channel_general (line 914)
  In remoteParallelFunction (line 38)
Warning: Matrix is close to singular or badly scaled. Results may be inaccurate. RCOND =  6.917017e-17.
> In ellipse_fit_opt_V2 (line 7)
  In depurar_puntos_V5 (line 6)
  In compute_mass_V5 (line 195)
  In parallel_function>make_general_channel/channel_general (line 914)
  In remoteParallelFunction (line 38)
Warning: Matrix is close to singular or badly scaled. Results may be inaccurate. RCOND =  6.917017e-17.
> In ellipse_fit_opt_V2 (line 7)
  In depurar_puntos_V5 (line 6)
  In compute_mass_V5 (line 195)
  In parallel_function>make_general_channel/channel_general (line 914)
  In remoteParallelFunction (line 38)
Warning: Matrix is close to singular or badly scaled. Results may be inaccurate. RCOND =  6.917017e-17.
> In ellipse_fit_opt_V2 (line 7)
  In depurar_puntos_V5 (line 6)
  In compute_mass_V5 (line 195)
  In parallel_function>make_general_channel/channel_general (line 914)
  In remoteParallelFunction (line 38)
Warning: Matrix is close to singular or badly scaled. Results may be inaccurate. RCOND =  6.917017e-17.
> In ellipse_fit_opt_V2 (line 7)
  In depurar_puntos_V5 (line 6)
  In compute_mass_V5 (line 195)
  In parallel_function>make_general_channel/channel_general (line 914)
  In remoteParallelFunction (line 38)
Warning: Matrix is close to singular or badly scaled. Results may be inaccurate. RCOND =  6.917017e-17.
> In ellipse_fit_opt_V2 (line 7)
  In depurar_puntos_V5 (line 6)
  In compute_mass_V5 (line 195)
  In parallel_function>make_general_channel/channel_general (line 914)
  In remoteParallelFunction (line 38)
Warning: Matrix is close to singular or badly scaled. Results may be inaccurate. RCOND =  7.980982e-17.
> In ellipse_fit_opt_V2 (line 7)
  In depurar_puntos_V5 (line 6)
  In compute_mass_V5 (line 195)
  In parallel_function>make_general_channel/channel_general (line 914)
  In remoteParallelFunction (line 38)
Warning: Matrix is close to singular or badly scaled. Results may be inaccurate. RCOND =  7.980982e-17.
> In ellipse_fit_opt_V2 (line 7)
  In depurar_puntos_V5 (line 6)
  In compute_mass_V5 (line 195)
  In parallel_function>make_general_channel/channel_general (line 914)
  In remoteParallelFunction (line 38)
Warning: Matrix is close to singular or badly scaled. Results may be inaccurate. RCOND =  7.980982e-17.
> In ellipse_fit_opt_V2 (line 7)
  In depurar_puntos_V5 (line 6)
  In compute_mass_V5 (line 195)
  In parallel_function>make_general_channel/channel_general (line 914)
  In remoteParallelFunction (line 38)
Warning: Matrix is close to singular or badly scaled. Results may be inaccurate. RCOND =  7.980982e-17.
> In ellipse_fit_opt_V2 (line 7)
  In depurar_puntos_V5 (line 6)
  In compute_mass_V5 (line 195)
  In parallel_function>make_general_channel/channel_general (line 914)
  In remoteParallelFunction (line 38)
Warning: Matrix is close to singular or badly scaled. Results may be inaccurate. RCOND =  7.980982e-17.
> In ellipse_fit_opt_V2 (line 7)
  In depurar_puntos_V5 (line 6)
  In compute_mass_V5 (line 195)
  In parallel_function>make_general_channel/channel_general (line 914)
  In remoteParallelFunction (line 38)
Warning: Matrix is close to singular or badly scaled. Results may be inaccurate. RCOND =  7.980982e-17.
> In ellipse_fit_opt_V2 (line 7)
  In depurar_puntos_V5 (line 6)
  In compute_mass_V5 (line 195)
  In parallel_function>make_general_channel/channel_general (line 914)
  In remoteParallelFunction (line 38)
Warning: Matrix is close to singular or badly scaled. Results may be inaccurate. RCOND =  7.980982e-17.
> In ellipse_fit_opt_V2 (line 7)
  In depurar_puntos_V5 (line 6)
  In compute_mass_V5 (line 195)
  In parallel_function>make_general_channel/channel_general (line 914)
  In remoteParallelFunction (line 38)
Warning: Matrix is close to singular or badly scaled. Results may be inaccurate. RCOND =  7.980982e-17.
> In ellipse_fit_opt_V2 (line 7)
  In depurar_puntos_V5 (line 6)
  In compute_mass_V5 (line 195)
  In parallel_function>make_general_channel/channel_general (line 914)
  In remoteParallelFunction (line 38)
Warning: Matrix is close to singular or badly scaled. Results may be inaccurate. RCOND =  7.980982e-17.
> In ellipse_fit_opt_V2 (line 7)
  In depurar_puntos_V5 (line 6)
  In compute_mass_V5 (line 195)
  In parallel_function>make_general_channel/channel_general (line 914)
  In remoteParallelFunction (line 38)
Warning: Matrix is close to singular or badly scaled. Results may be inaccurate. RCOND =  7.980982e-17.
> In ellipse_fit_opt_V2 (line 7)
  In depurar_puntos_V5 (line 6)
  In compute_mass_V5 (line 195)
  In parallel_function>make_general_channel/channel_general (line 914)
  In remoteParallelFunction (line 38)
Warning: Matrix is close to singular or badly scaled. Results may be inaccurate. RCOND =  7.980982e-17.
> In ellipse_fit_opt_V2 (line 7)
  In depurar_puntos_V5 (line 6)
  In compute_mass_V5 (line 195)
  In parallel_function>make_general_channel/channel_general (line 914)
  In remoteParallelFunction (line 38)
Warning: Matrix is close to singular or badly scaled. Results may be inaccurate. RCOND =  7.980982e-17.
> In ellipse_fit_opt_V2 (line 7)
  In depurar_puntos_V5 (line 6)
  In compute_mass_V5 (line 195)
  In parallel_function>make_general_channel/channel_general (line 914)
  In remoteParallelFunction (line 38)
Warning: Matrix is close to singular or badly scaled. Results may be inaccurate. RCOND =  7.980982e-17.
> In ellipse_fit_opt_V2 (line 7)
  In depurar_puntos_V5 (line 6)
  In compute_mass_V5 (line 195)
  In parallel_function>make_general_channel/channel_general (line 914)
  In remoteParallelFunction (line 38)
Warning: Matrix is close to singular or badly scaled. Results may be inaccurate. RCOND =  7.980982e-17.
> In ellipse_fit_opt_V2 (line 7)
  In depurar_puntos_V5 (line 6)
  In compute_mass_V5 (line 195)
  In parallel_function>make_general_channel/channel_general (line 914)
  In remoteParallelFunction (line 38)
Warning: Matrix is close to singular or badly scaled. Results may be inaccurate. RCOND =  7.980982e-17.
> In ellipse_fit_opt_V2 (line 7)
  In depurar_puntos_V5 (line 6)
  In compute_mass_V5 (line 195)
  In parallel_function>make_general_channel/channel_general (line 914)
  In remoteParallelFunction (line 38)
Warning: Matrix is close to singular or badly scaled. Results may be inaccurate. RCOND =  4.066306e-17.
> In ellipse_fit_opt_V2 (line 7)
  In depurar_puntos_V5 (line 6)
  In compute_mass_V5 (line 195)
  In parallel_function>make_general_channel/channel_general (line 914)
  In remoteParallelFunction (line 38)
Warning: Matrix is close to singular or badly scaled. Results may be inaccurate. RCOND =  6.537590e-17.
> In ellipse_fit_opt_V2 (line 7)
  In depurar_puntos_V5 (line 6)
  In compute_mass_V5 (line 195)
  In parallel_function>make_general_channel/channel_general (line 914)
  In remoteParallelFunction (line 38)
Warning: Matrix is close to singular or badly scaled. Results may be inaccurate. RCOND =  8.006324e-17.
> In ellipse_fit_opt_V2 (line 7)
  In depurar_puntos_V5 (line 6)
  In compute_mass_V5 (line 195)
  In parallel_function>make_general_channel/channel_general (line 914)
  In remoteParallelFunction (line 38)
Warning: Matrix is close to singular or badly scaled. Results may be inaccurate. RCOND =  8.006324e-17.
> In ellipse_fit_opt_V2 (line 7)
  In depurar_puntos_V5 (line 6)
  In compute_mass_V5 (line 195)
  In parallel_function>make_general_channel/channel_general (line 914)
  In remoteParallelFunction (line 38)
Warning: Matrix is close to singular or badly scaled. Results may be inaccurate. RCOND =  1.534094e-16.
> In ellipse_fit_opt_V2 (line 7)
  In depurar_puntos_V5 (line 6)
  In compute_mass_V5 (line 195)
  In parallel_function>make_general_channel/channel_general (line 914)
  In remoteParallelFunction (line 38)
Warning: Matrix is close to singular or badly scaled. Results may be inaccurate. RCOND =  1.534094e-16.
> In ellipse_fit_opt_V2 (line 7)
  In depurar_puntos_V5 (line 6)
  In compute_mass_V5 (line 195)
  In parallel_function>make_general_channel/channel_general (line 914)
  In remoteParallelFunction (line 38)
Warning: Matrix is close to singular or badly scaled. Results may be inaccurate. RCOND =  1.534094e-16.
> In ellipse_fit_opt_V2 (line 7)
  In depurar_puntos_V5 (line 6)
  In compute_mass_V5 (line 195)
  In parallel_function>make_general_channel/channel_general (line 914)
  In remoteParallelFunction (line 38)
Warning: Matrix is close to singular or badly scaled. Results may be inaccurate. RCOND =  1.534094e-16.
> In ellipse_fit_opt_V2 (line 7)
  In depurar_puntos_V5 (line 6)
  In compute_mass_V5 (line 195)
  In parallel_function>make_general_channel/channel_general (line 914)
  In remoteParallelFunction (line 38)
Warning: Matrix is close to singular or badly scaled. Results may be inaccurate. RCOND =  1.534094e-16.
> In ellipse_fit_opt_V2 (line 7)
  In depurar_puntos_V5 (line 6)
  In compute_mass_V5 (line 195)
  In parallel_function>make_general_channel/channel_general (line 914)
  In remoteParallelFunction (line 38)
Warning: Matrix is close to singular or badly scaled. Results may be inaccurate. RCOND =  1.534094e-16.
> In ellipse_fit_opt_V2 (line 7)
  In depurar_puntos_V5 (line 6)
  In compute_mass_V5 (line 195)
  In parallel_function>make_general_channel/channel_general (line 914)
  In remoteParallelFunction (line 38)
Warning: Matrix is close to singular or badly scaled. Results may be inaccurate. RCOND =  1.534094e-16.
> In ellipse_fit_opt_V2 (line 7)
  In depurar_puntos_V5 (line 6)
  In compute_mass_V5 (line 195)
  In parallel_function>make_general_channel/channel_general (line 914)
  In remoteParallelFunction (line 38)
Warning: Matrix is close to singular or badly scaled. Results may be inaccurate. RCOND =  1.534094e-16.
> In ellipse_fit_opt_V2 (line 7)
  In depurar_puntos_V5 (line 6)
  In compute_mass_V5 (line 195)
  In parallel_function>make_general_channel/channel_general (line 914)
  In remoteParallelFunction (line 38)
Warning: Matrix is close to singular or badly scaled. Results may be inaccurate. RCOND =  1.534094e-16.
> In ellipse_fit_opt_V2 (line 7)
  In depurar_puntos_V5 (line 6)
  In compute_mass_V5 (line 195)
  In parallel_function>make_general_channel/channel_general (line 914)
  In remoteParallelFunction (line 38)
Warning: Matrix is close to singular or badly scaled. Results may be inaccurate. RCOND =  1.534094e-16.
> In ellipse_fit_opt_V2 (line 7)
  In depurar_puntos_V5 (line 6)
  In compute_mass_V5 (line 195)
  In parallel_function>make_general_channel/channel_general (line 914)
  In remoteParallelFunction (line 38)
Warning: Matrix is close to singular or badly scaled. Results may be inaccurate. RCOND =  1.534094e-16.
> In ellipse_fit_opt_V2 (line 7)
  In depurar_puntos_V5 (line 6)
  In compute_mass_V5 (line 195)
  In parallel_function>make_general_channel/channel_general (line 914)
  In remoteParallelFunction (line 38)
Warning: Matrix is close to singular or badly scaled. Results may be inaccurate. RCOND =  1.534094e-16.
> In ellipse_fit_opt_V2 (line 7)
  In depurar_puntos_V5 (line 6)
  In compute_mass_V5 (line 195)
  In parallel_function>make_general_channel/channel_general (line 914)
  In remoteParallelFunction (line 38)
Warning: Matrix is close to singular or badly scaled. Results may be inaccurate. RCOND =  1.534094e-16.
> In ellipse_fit_opt_V2 (line 7)
  In depurar_puntos_V5 (line 6)
  In compute_mass_V5 (line 195)
  In parallel_function>make_general_channel/channel_general (line 914)
  In remoteParallelFunction (line 38)
Warning: Matrix is close to singular or badly scaled. Results may be inaccurate. RCOND =  1.534094e-16.
> In ellipse_fit_opt_V2 (line 7)
  In depurar_puntos_V5 (line 6)
  In compute_mass_V5 (line 195)
  In parallel_function>make_general_channel/channel_general (line 914)
  In remoteParallelFunction (line 38)
Warning: Matrix is close to singular or badly scaled. Results may be inaccurate. RCOND =  1.534094e-16.
> In ellipse_fit_opt_V2 (line 7)
  In depurar_puntos_V5 (line 6)
  In compute_mass_V5 (line 195)
  In parallel_function>make_general_channel/channel_general (line 914)
  In remoteParallelFunction (line 38)
Warning: Matrix is close to singular or badly scaled. Results may be inaccurate. RCOND =  1.753075e-16.
> In ellipse_fit_opt_V2 (line 7)
  In depurar_puntos_V5 (line 6)
  In compute_mass_V5 (line 195)
  In parallel_function>make_general_channel/channel_general (line 914)
  In remoteParallelFunction (line 38)
Warning: Matrix is close to singular or badly scaled. Results may be inaccurate. RCOND =  1.753075e-16.
> In ellipse_fit_opt_V2 (line 7)
  In depurar_puntos_V5 (line 6)
  In compute_mass_V5 (line 195)
  In parallel_function>make_general_channel/channel_general (line 914)
  In remoteParallelFunction (line 38)
Warning: Matrix is close to singular or badly scaled. Results may be inaccurate. RCOND =  1.753075e-16.
> In ellipse_fit_opt_V2 (line 7)
127/309
  In depurar_puntos_V5 (line 6)
  In compute_mass_V5 (line 195)
  In parallel_function>make_general_channel/channel_general (line 914)
  In remoteParallelFunction (line 38)
Warning: Matrix is close to singular or badly scaled. Results may be inaccurate. RCOND =  1.753075e-16.
> In ellipse_fit_opt_V2 (line 7)
  In depurar_puntos_V5 (line 6)
  In compute_mass_V5 (line 195)
  In parallel_function>make_general_channel/channel_general (line 914)
  In remoteParallelFunction (line 38)
Warning: Matrix is close to singular or badly scaled. Results may be inaccurate. RCOND =  1.753075e-16.
> In ellipse_fit_opt_V2 (line 7)
shell en cubo 2
20/309
shell en cubo 2
208/309
  In depurar_puntos_V5 (line 6)
  In compute_mass_V5 (line 195)
  In parallel_function>make_general_channel/channel_general (line 914)
  In remoteParallelFunction (line 38)
73/309
109/309
  In depurar_puntos_V5 (line 6)
  In compute_mass_V5 (line 195)
  In parallel_function>make_general_channel/channel_general (line 914)
  In remoteParallelFunction (line 38)
Warning: Matrix is close to singular or badly scaled. Results may be inaccurate. RCOND =  1.753075e-16.
> In ellipse_fit_opt_V2 (line 7)
  In depurar_puntos_V5 (line 6)
  In compute_mass_V5 (line 195)
  In parallel_function>make_general_channel/channel_general (line 914)
  In remoteParallelFunction (line 38)
91/309
shell en cubo 2
169/309
38/309
shell en cubo 2
199/309
55/309
217/309
2/309
126/309
shell en cubo 2
19/309
216/309
1/309
37/309
shell en cubo 2
shell en cubo 2
207/309
shell en cubo 2
198/309
234/309
233/309
215/309
227/309
226/309
241/309
240/309
shell en cubo 2
206/309
263/309
262/309
253/309
252/309
shell en cubo 2
197/309
247/309
246/309
258/309
257/309
225/309
shell en cubo 2
214/309
232/309
261/309
267/309
266/309
shell en cubo 2
205/309
shell en cubo 2
196/309
271/309
270/309
231/309
251/309
256/309
239/309
260/309
213/309
265/309
224/309
245/309
255/309
230/309
238/309
shell en cubo 2
195/309
250/309
shell en cubo 2
204/309
269/309
259/309
244/309
shell en cubo 2
212/309
223/309
264/309
237/309
229/309
shell en cubo 2
194/309
254/309
268/309
shell en cubo 2
203/309
249/309
243/309
222/309
shell en cubo 2
211/309
shell en cubo 2
193/309
236/309
228/309
275/309
274/309
242/309
221/309
shell en cubo 2
202/309
shell en cubo 2
shell en cubo 2
192/309
278/309
277/309
248/309
235/309
shell en cubo 2
220/309
273/309
287/309
286/309
shell en cubo 2
290/309
289/309
296/309
295/309
281/309
280/309
276/309
293/309
292/309
272/309
288/309
284/309
283/309
shell en cubo 2
299/309
298/309
302/309
301/309
282/309
279/309
291/309
285/309
297/309
305/309
304/309
308/309
307/309
294/309
309/309
300/309
306/309
303/309
SAVING RESULTS TO FILE: Results_4c_total
MATLAB is selecting SOFTWARE OPENGL rendering.

                            < M A T L A B (R) >
                  Copyright 1984-2017 The MathWorks, Inc.
                   R2017a (9.2.0.556344) 64-bit (glnxa64)
                               March 27, 2017

 
To get started, type one of these: helpwin, helpdesk, or demo.
For product information, visit www.mathworks.com.
 
Computing masses
Starting parallel pool (parpool) using the 'local' profile ...
connected to 12 workers.
36/309
18/309
54/309
108/309
72/309
107/309
90/309
89/309
35/309
125/309
124/309
155/309
154/309
53/309
17/309
71/309
141/309
140/309
191/309
shell en cubo 2
190/309
168/309
shell en cubo 2
167/309
180/309
shell en cubo 2
179/309
106/309
123/309
153/309
88/309
139/309
34/309
52/309
16/309
Warning: Matrix is close to singular or badly scaled. Results may be inaccurate. RCOND =  1.854450e-16.
> In ellipse_fit_opt_V2 (line 7)
shell en cubo 2
189/309
shell en cubo 2
166/309
105/309
70/309
122/309
87/309
138/309
shell en cubo 2
178/309
  In depurar_puntos_V5 (line 6)
  In compute_mass_V5 (line 195)
  In parallel_function>make_general_channel/channel_general (line 914)
  In remoteParallelFunction (line 38)
33/309
152/309
shell en cubo 2
51/309
15/309
Warning: Matrix is close to singular or badly scaled. Results may be inaccurate. RCOND =  1.503389e-16.
> In ellipse_fit_opt_V2 (line 7)
121/309
104/309
shell en cubo 2
165/309
69/309
  In depurar_puntos_V5 (line 6)
  In compute_mass_V5 (line 195)
  In parallel_function>make_general_channel/channel_general (line 914)
  In remoteParallelFunction (line 38)
Warning: Matrix is close to singular or badly scaled. Results may be inaccurate. RCOND =  1.503389e-16.
> In ellipse_fit_opt_V2 (line 7)
  In depurar_puntos_V5 (line 6)
  In compute_mass_V5 (line 195)
  In parallel_function>make_general_channel/channel_general (line 914)
  In remoteParallelFunction (line 38)
151/309
shell en cubo 2
188/309
shell en cubo 2
50/309
86/309
32/309
137/309
Warning: Matrix is close to singular or badly scaled. Results may be inaccurate. RCOND =  1.157538e-16.
> In ellipse_fit_opt_V2 (line 7)
shell en cubo 2
177/309
14/309
68/309
shell en cubo 2
164/309
150/309
49/309
120/309
103/309
136/309
85/309
  In depurar_puntos_V5 (line 6)
  In compute_mass_V5 (line 195)
  In parallel_function>make_general_channel/channel_general (line 914)
  In remoteParallelFunction (line 38)
Warning: Matrix is close to singular or badly scaled. Results may be inaccurate. RCOND =  1.157538e-16.
> In ellipse_fit_opt_V2 (line 7)
  In depurar_puntos_V5 (line 6)
  In compute_mass_V5 (line 195)
  In parallel_function>make_general_channel/channel_general (line 914)
  In remoteParallelFunction (line 38)
31/309
shell en cubo 2
187/309
13/309
102/309
135/309
119/309
149/309
48/309
84/309
shell en cubo 2
163/309
Warning: Matrix is close to singular or badly scaled. Results may be inaccurate. RCOND =  1.088003e-16.
> In ellipse_fit_opt_V2 (line 7)
  In depurar_puntos_V5 (line 6)
  In compute_mass_V5 (line 195)
  In parallel_function>make_general_channel/channel_general (line 914)
  In remoteParallelFunction (line 38)
Warning: Matrix is close to singular or badly scaled. Results may be inaccurate. RCOND =  1.088003e-16.
> In ellipse_fit_opt_V2 (line 7)
  In depurar_puntos_V5 (line 6)
  In compute_mass_V5 (line 195)
  In parallel_function>make_general_channel/channel_general (line 914)
  In remoteParallelFunction (line 38)
Warning: Matrix is close to singular or badly scaled. Results may be inaccurate. RCOND =  2.098095e-16.
> In ellipse_fit_opt_V2 (line 7)
  In depurar_puntos_V5 (line 6)
  In compute_mass_V5 (line 195)
  In parallel_function>make_general_channel/channel_general (line 914)
  In remoteParallelFunction (line 38)
Warning: Matrix is close to singular or badly scaled. Results may be inaccurate. RCOND =  1.817971e-16.
> In ellipse_fit_opt_V2 (line 7)
shell en cubo 2
186/309
30/309
67/309
shell en cubo 2
176/309
Warning: Matrix is close to singular or badly scaled. Results may be inaccurate. RCOND =  2.101562e-17.
> In ellipse_fit_opt_V2 (line 7)
83/309
148/309
101/309
shell en cubo 2
162/309
  In depurar_puntos_V5 (line 6)
  In compute_mass_V5 (line 195)
  In parallel_function>make_general_channel/channel_general (line 914)
  In remoteParallelFunction (line 38)
Warning: Matrix is close to singular or badly scaled. Results may be inaccurate. RCOND =  2.101562e-17.
> In ellipse_fit_opt_V2 (line 7)
  In depurar_puntos_V5 (line 6)
  In compute_mass_V5 (line 195)
  In parallel_function>make_general_channel/channel_general (line 914)
  In remoteParallelFunction (line 38)
66/309
118/309
134/309
12/309
  In depurar_puntos_V5 (line 6)
  In compute_mass_V5 (line 195)
  In parallel_function>make_general_channel/channel_general (line 914)
  In remoteParallelFunction (line 38)
Warning: Matrix is close to singular or badly scaled. Results may be inaccurate. RCOND =  1.817971e-16.
> In ellipse_fit_opt_V2 (line 7)
  In depurar_puntos_V5 (line 6)
  In compute_mass_V5 (line 195)
  In parallel_function>make_general_channel/channel_general (line 914)
  In remoteParallelFunction (line 38)
47/309
29/309
shell en cubo 2
185/309
shell en cubo 2
175/309
161/309
133/309
65/309
46/309
82/309
11/309
100/309
shell en cubo 2
184/309
147/309
117/309
28/309
160/309
10/309
81/309
64/309
shell en cubo 2
174/309
shell en cubo 2
45/309
132/309
146/309
99/309
116/309
27/309
80/309
63/309
shell en cubo 2
44/309
shell en cubo 2
183/309
145/309
98/309
159/309
131/309
9/309
115/309
26/309
shell en cubo 2
173/309
62/309
shell en cubo 2
182/309
97/309
144/309
130/309
79/309
shell en cubo 2
43/309
8/309
114/309
158/309
25/309
96/309
shell en cubo 2
172/309
shell en cubo 2
181/309
129/309
143/309
78/309
113/309
shell en cubo 2
61/309
157/309
24/309
shell en cubo 2
42/309
95/309
142/309
77/309
112/309
shell en cubo 2
7/309
128/309
60/309
94/309
shell en cubo 2
41/309
156/309
shell en cubo 2
23/309
shell en cubo 2
171/309
76/309
Warning: Matrix is close to singular or badly scaled. Results may be inaccurate. RCOND =  1.752162e-16.
> In ellipse_fit_opt_V2 (line 7)
6/309
111/309
127/309
shell en cubo 2
59/309
93/309
shell en cubo 2
22/309
201/309
shell en cubo 2
200/309
210/309
shell en cubo 2
209/309
126/309
5/309
  In depurar_puntos_V5 (line 6)
  In compute_mass_V5 (line 195)
  In parallel_function>make_general_channel/channel_general (line 914)
  In remoteParallelFunction (line 38)
Warning: Matrix is close to singular or badly scaled. Results may be inaccurate. RCOND =  1.752162e-16.
> In ellipse_fit_opt_V2 (line 7)
  In depurar_puntos_V5 (line 6)
  In compute_mass_V5 (line 195)
  In parallel_function>make_general_channel/channel_general (line 914)
  In remoteParallelFunction (line 38)
Warning: Matrix is close to singular or badly scaled. Results may be inaccurate. RCOND =  1.752162e-16.
> In ellipse_fit_opt_V2 (line 7)
  In depurar_puntos_V5 (line 6)
  In compute_mass_V5 (line 195)
  In parallel_function>make_general_channel/channel_general (line 914)
  In remoteParallelFunction (line 38)
75/309
40/309
shell en cubo 2
170/309
110/309
shell en cubo 2
199/309
92/309
Warning: Matrix is close to singular or badly scaled. Results may be inaccurate. RCOND =  2.111393e-17.
> In ellipse_fit_opt_V2 (line 7)
  In depurar_puntos_V5 (line 6)
  In compute_mass_V5 (line 158)
  In parallel_function>make_general_channel/channel_general (line 914)
  In remoteParallelFunction (line 38)
Warning: Matrix is close to singular or badly scaled. Results may be inaccurate. RCOND =  2.115684e-17.
> In ellipse_fit_opt_V2 (line 7)
  In depurar_puntos_V5 (line 6)
  In compute_mass_V5 (line 195)
  In parallel_function>make_general_channel/channel_general (line 914)
  In remoteParallelFunction (line 38)
Warning: Matrix is close to singular or badly scaled. Results may be inaccurate. RCOND =  3.400784e-17.
> In ellipse_fit_opt_V2 (line 7)
  In depurar_puntos_V5 (line 6)
  In compute_mass_V5 (line 195)
  In parallel_function>make_general_channel/channel_general (line 914)
  In remoteParallelFunction (line 38)
Warning: Matrix is close to singular or badly scaled. Results may be inaccurate. RCOND =  4.165442e-17.
> In ellipse_fit_opt_V2 (line 7)
  In depurar_puntos_V5 (line 6)
  In compute_mass_V5 (line 195)
  In parallel_function>make_general_channel/channel_general (line 914)
  In remoteParallelFunction (line 38)
Warning: Matrix is close to singular or badly scaled. Results may be inaccurate. RCOND =  4.165442e-17.
> In ellipse_fit_opt_V2 (line 7)
  In depurar_puntos_V5 (line 6)
  In compute_mass_V5 (line 195)
  In parallel_function>make_general_channel/channel_general (line 914)
  In remoteParallelFunction (line 38)
Warning: Matrix is close to singular or badly scaled. Results may be inaccurate. RCOND =  6.917017e-17.
> In ellipse_fit_opt_V2 (line 7)
  In depurar_puntos_V5 (line 6)
  In compute_mass_V5 (line 195)
  In parallel_function>make_general_channel/channel_general (line 914)
  In remoteParallelFunction (line 38)
Warning: Matrix is close to singular or badly scaled. Results may be inaccurate. RCOND =  6.917017e-17.
> In ellipse_fit_opt_V2 (line 7)
  In depurar_puntos_V5 (line 6)
  In compute_mass_V5 (line 195)
  In parallel_function>make_general_channel/channel_general (line 914)
  In remoteParallelFunction (line 38)
Warning: Matrix is close to singular or badly scaled. Results may be inaccurate. RCOND =  6.917017e-17.
> In ellipse_fit_opt_V2 (line 7)
  In depurar_puntos_V5 (line 6)
  In compute_mass_V5 (line 195)
  In parallel_function>make_general_channel/channel_general (line 914)
  In remoteParallelFunction (line 38)
Warning: Matrix is close to singular or badly scaled. Results may be inaccurate. RCOND =  6.917017e-17.
> In ellipse_fit_opt_V2 (line 7)
  In depurar_puntos_V5 (line 6)
  In compute_mass_V5 (line 195)
  In parallel_function>make_general_channel/channel_general (line 914)
  In remoteParallelFunction (line 38)
Warning: Matrix is close to singular or badly scaled. Results may be inaccurate. RCOND =  6.917017e-17.
> In ellipse_fit_opt_V2 (line 7)
  In depurar_puntos_V5 (line 6)
  In compute_mass_V5 (line 195)
  In parallel_function>make_general_channel/channel_general (line 914)
  In remoteParallelFunction (line 38)
Warning: Matrix is close to singular or badly scaled. Results may be inaccurate. RCOND =  7.980982e-17.
> In ellipse_fit_opt_V2 (line 7)
  In depurar_puntos_V5 (line 6)
  In compute_mass_V5 (line 195)
  In parallel_function>make_general_channel/channel_general (line 914)
  In remoteParallelFunction (line 38)
Warning: Matrix is close to singular or badly scaled. Results may be inaccurate. RCOND =  7.980982e-17.
> In ellipse_fit_opt_V2 (line 7)
  In depurar_puntos_V5 (line 6)
  In compute_mass_V5 (line 195)
  In parallel_function>make_general_channel/channel_general (line 914)
  In remoteParallelFunction (line 38)
Warning: Matrix is close to singular or badly scaled. Results may be inaccurate. RCOND =  7.980982e-17.
> In ellipse_fit_opt_V2 (line 7)
  In depurar_puntos_V5 (line 6)
  In compute_mass_V5 (line 195)
  In parallel_function>make_general_channel/channel_general (line 914)
  In remoteParallelFunction (line 38)
Warning: Matrix is close to singular or badly scaled. Results may be inaccurate. RCOND =  7.980982e-17.
> In ellipse_fit_opt_V2 (line 7)
  In depurar_puntos_V5 (line 6)
  In compute_mass_V5 (line 195)
  In parallel_function>make_general_channel/channel_general (line 914)
  In remoteParallelFunction (line 38)
Warning: Matrix is close to singular or badly scaled. Results may be inaccurate. RCOND =  7.980982e-17.
> In ellipse_fit_opt_V2 (line 7)
  In depurar_puntos_V5 (line 6)
  In compute_mass_V5 (line 195)
  In parallel_function>make_general_channel/channel_general (line 914)
  In remoteParallelFunction (line 38)
Warning: Matrix is close to singular or badly scaled. Results may be inaccurate. RCOND =  7.980982e-17.
> In ellipse_fit_opt_V2 (line 7)
  In depurar_puntos_V5 (line 6)
  In compute_mass_V5 (line 195)
  In parallel_function>make_general_channel/channel_general (line 914)
  In remoteParallelFunction (line 38)
Warning: Matrix is close to singular or badly scaled. Results may be inaccurate. RCOND =  7.980982e-17.
> In ellipse_fit_opt_V2 (line 7)
  In depurar_puntos_V5 (line 6)
  In compute_mass_V5 (line 195)
  In parallel_function>make_general_channel/channel_general (line 914)
  In remoteParallelFunction (line 38)
Warning: Matrix is close to singular or badly scaled. Results may be inaccurate. RCOND =  7.980982e-17.
> In ellipse_fit_opt_V2 (line 7)
74/309
  In depurar_puntos_V5 (line 6)
  In compute_mass_V5 (line 195)
  In parallel_function>make_general_channel/channel_general (line 914)
  In remoteParallelFunction (line 38)
Warning: Matrix is close to singular or badly scaled. Results may be inaccurate. RCOND =  7.980982e-17.
> In ellipse_fit_opt_V2 (line 7)
  In depurar_puntos_V5 (line 6)
  In compute_mass_V5 (line 195)
  In parallel_function>make_general_channel/channel_general (line 914)
  In remoteParallelFunction (line 38)
Warning: Matrix is close to singular or badly scaled. Results may be inaccurate. RCOND =  7.980982e-17.
> In ellipse_fit_opt_V2 (line 7)
  In depurar_puntos_V5 (line 6)
  In compute_mass_V5 (line 195)
  In parallel_function>make_general_channel/channel_general (line 914)
  In remoteParallelFunction (line 38)
Warning: Matrix is close to singular or badly scaled. Results may be inaccurate. RCOND =  7.980982e-17.
> In ellipse_fit_opt_V2 (line 7)
  In depurar_puntos_V5 (line 6)
  In compute_mass_V5 (line 195)
  In parallel_function>make_general_channel/channel_general (line 914)
  In remoteParallelFunction (line 38)
Warning: Matrix is close to singular or badly scaled. Results may be inaccurate. RCOND =  7.980982e-17.
> In ellipse_fit_opt_V2 (line 7)
  In depurar_puntos_V5 (line 6)
  In compute_mass_V5 (line 195)
  In parallel_function>make_general_channel/channel_general (line 914)
  In remoteParallelFunction (line 38)
Warning: Matrix is close to singular or badly scaled. Results may be inaccurate. RCOND =  7.980982e-17.
> In ellipse_fit_opt_V2 (line 7)
  In depurar_puntos_V5 (line 6)
  In compute_mass_V5 (line 195)
  In parallel_function>make_general_channel/channel_general (line 914)
  In remoteParallelFunction (line 38)
Warning: Matrix is close to singular or badly scaled. Results may be inaccurate. RCOND =  7.980982e-17.
> In ellipse_fit_opt_V2 (line 7)
  In depurar_puntos_V5 (line 6)
  In compute_mass_V5 (line 195)
  In parallel_function>make_general_channel/channel_general (line 914)
  In remoteParallelFunction (line 38)
Warning: Matrix is close to singular or badly scaled. Results may be inaccurate. RCOND =  7.980982e-17.
> In ellipse_fit_opt_V2 (line 7)
  In depurar_puntos_V5 (line 6)
  In compute_mass_V5 (line 195)
  In parallel_function>make_general_channel/channel_general (line 914)
  In remoteParallelFunction (line 38)
Warning: Matrix is close to singular or badly scaled. Results may be inaccurate. RCOND =  4.066306e-17.
> In ellipse_fit_opt_V2 (line 7)
  In depurar_puntos_V5 (line 6)
  In compute_mass_V5 (line 195)
  In parallel_function>make_general_channel/channel_general (line 914)
  In remoteParallelFunction (line 38)
Warning: Matrix is close to singular or badly scaled. Results may be inaccurate. RCOND =  6.537590e-17.
> In ellipse_fit_opt_V2 (line 7)
  In depurar_puntos_V5 (line 6)
  In compute_mass_V5 (line 195)
  In parallel_function>make_general_channel/channel_general (line 914)
  In remoteParallelFunction (line 38)
Warning: Matrix is close to singular or badly scaled. Results may be inaccurate. RCOND =  8.006324e-17.
> In ellipse_fit_opt_V2 (line 7)
  In depurar_puntos_V5 (line 6)
  In compute_mass_V5 (line 195)
  In parallel_function>make_general_channel/channel_general (line 914)
  In remoteParallelFunction (line 38)
Warning: Matrix is close to singular or badly scaled. Results may be inaccurate. RCOND =  8.006324e-17.
> In ellipse_fit_opt_V2 (line 7)
  In depurar_puntos_V5 (line 6)
  In compute_mass_V5 (line 195)
  In parallel_function>make_general_channel/channel_general (line 914)
  In remoteParallelFunction (line 38)
Warning: Matrix is close to singular or badly scaled. Results may be inaccurate. RCOND =  1.534094e-16.
> In ellipse_fit_opt_V2 (line 7)
  In depurar_puntos_V5 (line 6)
  In compute_mass_V5 (line 195)
  In parallel_function>make_general_channel/channel_general (line 914)
  In remoteParallelFunction (line 38)
Warning: Matrix is close to singular or badly scaled. Results may be inaccurate. RCOND =  1.534094e-16.
> In ellipse_fit_opt_V2 (line 7)
  In depurar_puntos_V5 (line 6)
  In compute_mass_V5 (line 195)
  In parallel_function>make_general_channel/channel_general (line 914)
  In remoteParallelFunction (line 38)
Warning: Matrix is close to singular or badly scaled. Results may be inaccurate. RCOND =  1.534094e-16.
> In ellipse_fit_opt_V2 (line 7)
  In depurar_puntos_V5 (line 6)
  In compute_mass_V5 (line 195)
  In parallel_function>make_general_channel/channel_general (line 914)
  In remoteParallelFunction (line 38)
Warning: Matrix is close to singular or badly scaled. Results may be inaccurate. RCOND =  1.534094e-16.
> In ellipse_fit_opt_V2 (line 7)
  In depurar_puntos_V5 (line 6)
  In compute_mass_V5 (line 195)
  In parallel_function>make_general_channel/channel_general (line 914)
  In remoteParallelFunction (line 38)
Warning: Matrix is close to singular or badly scaled. Results may be inaccurate. RCOND =  1.534094e-16.
> In ellipse_fit_opt_V2 (line 7)
  In depurar_puntos_V5 (line 6)
  In compute_mass_V5 (line 195)
  In parallel_function>make_general_channel/channel_general (line 914)
  In remoteParallelFunction (line 38)
Warning: Matrix is close to singular or badly scaled. Results may be inaccurate. RCOND =  1.534094e-16.
> In ellipse_fit_opt_V2 (line 7)
  In depurar_puntos_V5 (line 6)
  In compute_mass_V5 (line 195)
  In parallel_function>make_general_channel/channel_general (line 914)
  In remoteParallelFunction (line 38)
Warning: Matrix is close to singular or badly scaled. Results may be inaccurate. RCOND =  1.534094e-16.
> In ellipse_fit_opt_V2 (line 7)
  In depurar_puntos_V5 (line 6)
  In compute_mass_V5 (line 195)
  In parallel_function>make_general_channel/channel_general (line 914)
  In remoteParallelFunction (line 38)
Warning: Matrix is close to singular or badly scaled. Results may be inaccurate. RCOND =  1.534094e-16.
> In ellipse_fit_opt_V2 (line 7)
  In depurar_puntos_V5 (line 6)
  In compute_mass_V5 (line 195)
  In parallel_function>make_general_channel/channel_general (line 914)
  In remoteParallelFunction (line 38)
Warning: Matrix is close to singular or badly scaled. Results may be inaccurate. RCOND =  1.534094e-16.
> In ellipse_fit_opt_V2 (line 7)
  In depurar_puntos_V5 (line 6)
  In compute_mass_V5 (line 195)
  In parallel_function>make_general_channel/channel_general (line 914)
  In remoteParallelFunction (line 38)
Warning: Matrix is close to singular or badly scaled. Results may be inaccurate. RCOND =  1.534094e-16.
> In ellipse_fit_opt_V2 (line 7)
  In depurar_puntos_V5 (line 6)
  In compute_mass_V5 (line 195)
  In parallel_function>make_general_channel/channel_general (line 914)
  In remoteParallelFunction (line 38)
Warning: Matrix is close to singular or badly scaled. Results may be inaccurate. RCOND =  1.534094e-16.
> In ellipse_fit_opt_V2 (line 7)
  In depurar_puntos_V5 (line 6)
  In compute_mass_V5 (line 195)
  In parallel_function>make_general_channel/channel_general (line 914)
  In remoteParallelFunction (line 38)
Warning: Matrix is close to singular or badly scaled. Results may be inaccurate. RCOND =  1.534094e-16.
> In ellipse_fit_opt_V2 (line 7)
  In depurar_puntos_V5 (line 6)
  In compute_mass_V5 (line 195)
  In parallel_function>make_general_channel/channel_general (line 914)
  In remoteParallelFunction (line 38)
Warning: Matrix is close to singular or badly scaled. Results may be inaccurate. RCOND =  1.534094e-16.
> In ellipse_fit_opt_V2 (line 7)
  In depurar_puntos_V5 (line 6)
  In compute_mass_V5 (line 195)
  In parallel_function>make_general_channel/channel_general (line 914)
  In remoteParallelFunction (line 38)
Warning: Matrix is close to singular or badly scaled. Results may be inaccurate. RCOND =  1.534094e-16.
> In ellipse_fit_opt_V2 (line 7)
  In depurar_puntos_V5 (line 6)
  In compute_mass_V5 (line 195)
  In parallel_function>make_general_channel/channel_general (line 914)
  In remoteParallelFunction (line 38)
Warning: Matrix is close to singular or badly scaled. Results may be inaccurate. RCOND =  1.534094e-16.
> In ellipse_fit_opt_V2 (line 7)
  In depurar_puntos_V5 (line 6)
  In compute_mass_V5 (line 195)
  In parallel_function>make_general_channel/channel_general (line 914)
  In remoteParallelFunction (line 38)
Warning: Matrix is close to singular or badly scaled. Results may be inaccurate. RCOND =  1.753075e-16.
> In ellipse_fit_opt_V2 (line 7)
  In depurar_puntos_V5 (line 6)
  In compute_mass_V5 (line 195)
  In parallel_function>make_general_channel/channel_general (line 914)
  In remoteParallelFunction (line 38)
Warning: Matrix is close to singular or badly scaled. Results may be inaccurate. RCOND =  1.753075e-16.
> In ellipse_fit_opt_V2 (line 7)
  In depurar_puntos_V5 (line 6)
  In compute_mass_V5 (line 195)
  In parallel_function>make_general_channel/channel_general (line 914)
  In remoteParallelFunction (line 38)
Warning: Matrix is close to singular or badly scaled. Results may be inaccurate. RCOND =  1.753075e-16.
> In ellipse_fit_opt_V2 (line 7)
  In depurar_puntos_V5 (line 6)
  In compute_mass_V5 (line 195)
  In parallel_function>make_general_channel/channel_general (line 914)
  In remoteParallelFunction (line 38)
Warning: Matrix is close to singular or badly scaled. Results may be inaccurate. RCOND =  1.753075e-16.
> In ellipse_fit_opt_V2 (line 7)
  In depurar_puntos_V5 (line 6)
  In compute_mass_V5 (line 195)
  In parallel_function>make_general_channel/channel_general (line 914)
  In remoteParallelFunction (line 38)
Warning: Matrix is close to singular or badly scaled. Results may be inaccurate. RCOND =  1.753075e-16.
> In ellipse_fit_opt_V2 (line 7)
Warning: Matrix is close to singular or badly scaled. Results may be inaccurate. RCOND =  2.083556e-17.
> In ellipse_fit_opt_V2 (line 7)
shell en cubo 2
21/309
shell en cubo 2
208/309
219/309
218/309
  In depurar_puntos_V5 (line 6)
  In compute_mass_V5 (line 195)
  In parallel_function>make_general_channel/channel_general (line 914)
  In remoteParallelFunction (line 38)
Warning: Matrix is close to singular or badly scaled. Results may be inaccurate. RCOND =  1.753075e-16.
> In ellipse_fit_opt_V2 (line 7)
  In depurar_puntos_V5 (line 6)
  In compute_mass_V5 (line 195)
  In parallel_function>make_general_channel/channel_general (line 914)
  In remoteParallelFunction (line 38)
91/309
39/309
109/309
shell en cubo 2
58/309
  In depurar_puntos_V5 (line 6)
  In compute_mass_V5 (line 195)
  In parallel_function>make_general_channel/channel_general (line 914)
  In remoteParallelFunction (line 38)
73/309
4/309
shell en cubo 2
169/309
shell en cubo 2
20/309
38/309
217/309
shell en cubo 2
198/309
3/309
57/309
shell en cubo 2
207/309
227/309
226/309
shell en cubo 2
216/309
37/309
234/309
233/309
shell en cubo 2
19/309
shell en cubo 2
197/309
56/309
shell en cubo 2
206/309
241/309
240/309
247/309
246/309
225/309
215/309
shell en cubo 2
196/309
2/309
253/309
252/309
232/309
shell en cubo 2
205/309
258/309
257/309
shell en cubo 2
214/309
55/309
239/309
231/309
shell en cubo 2
195/309
263/309
262/309
224/309
1/309
245/309
251/309
238/309
261/309
256/309
213/309
shell en cubo 2
204/309
shell en cubo 2
194/309
230/309
244/309
223/309
255/309
250/309
260/309
237/309
shell en cubo 2
193/309
shell en cubo 2
203/309
229/309
243/309
shell en cubo 2
212/309
222/309
236/309
267/309
266/309
271/309
270/309
shell en cubo 2
192/309
249/309
259/309
254/309
shell en cubo 2
202/309
242/309
221/309
shell en cubo 2
211/309
228/309
shell en cubo 2
shell en cubo 2
235/309
265/309
220/309
shell en cubo 2
269/309
248/309
275/309
274/309
278/309
277/309
287/309
286/309
290/309
289/309
281/309
280/309
shell en cubo 2
268/309
264/309
284/309
283/309
288/309
293/309
292/309
296/309
295/309
276/309
273/309
299/309
298/309
282/309
302/309
301/309
285/309
279/309
291/309
272/309
297/309
305/309
304/309
294/309
309/309
308/309
307/309
300/309
303/309
306/309
SAVING RESULTS TO FILE: Results_4c_total
[Warning:
"/N/dc2/projects/lifebid/code/ccaiafa/Shells/code/Shell_Mass/.git/objects/7b"
not found in path.] 
[> In rmpath (line 66)
  In Compute_4c_total (line 27)] 
[Warning:
"/N/dc2/projects/lifebid/code/ccaiafa/Shells/code/Shell_Mass/.git/objects/d4"
not found in path.] 
[> In rmpath (line 66)
  In Compute_4c_total (line 27)] 
[Warning:
"/N/dc2/projects/lifebid/code/ccaiafa/Shells/code/Shell_Mass/.git/objects/d7"
not found in path.] 
[> In rmpath (line 66)
  In Compute_4c_total (line 27)] 
MATLAB is selecting SOFTWARE OPENGL rendering.

                            < M A T L A B (R) >
                  Copyright 1984-2017 The MathWorks, Inc.
                   R2017a (9.2.0.556344) 64-bit (glnxa64)
                               March 27, 2017

 
To get started, type one of these: helpwin, helpdesk, or demo.
For product information, visit www.mathworks.com.
 
Computing masses
Starting parallel pool (parpool) using the 'local' profile ...
connected to 12 workers.
72/309
180/309
141/309
90/309
191/309
125/309
18/309
168/309
54/309
36/309
108/309
155/309
71/309
shell en cubo 2
179/309
140/309
89/309
shell en cubo 2
190/309
124/309
17/309
shell en cubo 2
167/309
53/309
35/309
107/309
154/309
70/309
shell en cubo 2
178/309
139/309
88/309
shell en cubo 2
189/309
123/309
16/309
shell en cubo 2
166/309
52/309
34/309
106/309
153/309
138/309
87/309
122/309
shell en cubo 2
51/309
105/309
152/309
shell en cubo 2
177/309
shell en cubo 2
188/309
15/309
shell en cubo 2
165/309
33/309
137/309
121/309
shell en cubo 2
50/309
shell en cubo 2
176/309
86/309
shell en cubo 2
187/309
14/309
shell en cubo 2
164/309
32/309
104/309
151/309
136/309
shell en cubo 2
186/309
120/309
13/309
49/309
31/309
103/309
69/309
shell en cubo 2
175/309
135/309
85/309
119/309
shell en cubo 2
163/309
48/309
102/309
150/309
shell en cubo 2
174/309
134/309
84/309
shell en cubo 2
185/309
shell en cubo 2
162/309
30/309
149/309
68/309
shell en cubo 2
184/309
118/309
12/309
47/309
29/309
101/309
148/309
67/309
shell en cubo 2
173/309
133/309
83/309
117/309
11/309
161/309
46/309
28/309
100/309
shell en cubo 2
172/309
132/309
82/309
shell en cubo 2
183/309
116/309
10/309
160/309
shell en cubo 2
45/309
27/309
99/309
147/309
66/309
131/309
shell en cubo 2
182/309
9/309
146/309
65/309
shell en cubo 2
171/309
130/309
81/309
115/309
8/309
159/309
shell en cubo 2
44/309
26/309
98/309
145/309
shell en cubo 2
170/309
80/309
shell en cubo 2
181/309
114/309
7/309
158/309
shell en cubo 2
43/309
25/309
97/309
64/309
129/309
shell en cubo 2
144/309
63/309
shell en cubo 2
169/309
79/309
113/309
6/309
157/309
shell en cubo 2
42/309
24/309
96/309
143/309
shell en cubo 2
128/309
201/309
shell en cubo 2
200/309
112/309
5/309
shell en cubo 2
23/309
62/309
127/309
78/309
shell en cubo 2
199/309
111/309
4/309
156/309
shell en cubo 2
41/309
shell en cubo 2
22/309
95/309
142/309
shell en cubo 2
61/309
210/309
shell en cubo 2
209/309
126/309
77/309
3/309
40/309
94/309
60/309
shell en cubo 2
208/309
76/309
shell en cubo 2
198/309
110/309
39/309
shell en cubo 2
21/309
93/309
219/309
218/309
shell en cubo 2
207/309
shell en cubo 2
197/309
109/309
2/309
227/309
226/309
shell en cubo 2
20/309
217/309
shell en cubo 2
59/309
234/309
233/309
75/309
1/309
225/309
38/309
92/309
shell en cubo 2
196/309
shell en cubo 2
19/309
216/309
shell en cubo 2
58/309
shell en cubo 2
206/309
232/309
74/309
241/309
240/309
224/309
37/309
91/309
215/309
shell en cubo 2
195/309
247/309
246/309
57/309
shell en cubo 2
205/309
231/309
73/309
239/309
223/309
230/309
shell en cubo 2
194/309
245/309
253/309
252/309
shell en cubo 2
214/309
56/309
shell en cubo 2
204/309
238/309
222/309
258/309
257/309
263/309
262/309
55/309
229/309
shell en cubo 2
193/309
244/309
251/309
261/309
213/309
shell en cubo 2
203/309
267/309
266/309
237/309
243/309
221/309
256/309
250/309
shell en cubo 2
212/309
shell en cubo 2
202/309
228/309
265/309
shell en cubo 2
192/309
236/309
220/309
255/309
249/309
260/309
271/309
270/309
242/309
shell en cubo 2
211/309
shell en cubo 2
259/309
shell en cubo 2
264/309
235/309
254/309
shell en cubo 2
248/309
shell en cubo 2
269/309
275/309
274/309
281/309
280/309
278/309
277/309
287/309
286/309
284/309
283/309
268/309
279/309
273/309
302/309
301/309
276/309
299/309
298/309
285/309
296/309
295/309
293/309
292/309
290/309
289/309
282/309
305/309
304/309
272/309
291/309
288/309
297/309
300/309
294/309
308/309
307/309
303/309
309/309
306/309
SAVING RESULTS TO FILE: Results_4c_total
MATLAB is selecting SOFTWARE OPENGL rendering.

                            < M A T L A B (R) >
                  Copyright 1984-2017 The MathWorks, Inc.
                   R2017a (9.2.0.556344) 64-bit (glnxa64)
                               March 27, 2017

 
To get started, type one of these: helpwin, helpdesk, or demo.
For product information, visit www.mathworks.com.
 
Computing masses
Starting parallel pool (parpool) using the 'local' profile ...
connected to 12 workers.
108/309
191/309
180/309
54/309
72/309
36/309
168/309
90/309
155/309
18/309
141/309
125/309
89/309
107/309
shell en cubo 2
190/309
shell en cubo 2
179/309
53/309
71/309
35/309
shell en cubo 2
167/309
154/309
17/309
140/309
124/309
106/309
shell en cubo 2
189/309
shell en cubo 2
178/309
52/309
70/309
34/309
shell en cubo 2
166/309
88/309
153/309
16/309
139/309
123/309
105/309
shell en cubo 2
51/309
152/309
138/309
122/309
shell en cubo 2
188/309
shell en cubo 2
177/309
33/309
shell en cubo 2
165/309
87/309
15/309
shell en cubo 2
50/309
137/309
104/309
shell en cubo 2
187/309
shell en cubo 2
176/309
32/309
shell en cubo 2
164/309
86/309
151/309
14/309
121/309
103/309
shell en cubo 2
186/309
49/309
31/309
shell en cubo 2
163/309
13/309
136/309
120/309
102/309
shell en cubo 2
175/309
48/309
69/309
85/309
150/309
135/309
119/309
shell en cubo 2
185/309
shell en cubo 2
174/309
47/309
30/309
shell en cubo 2
162/309
84/309
149/309
134/309
101/309
shell en cubo 2
184/309
46/309
68/309
29/309
83/309
148/309
12/309
133/309
118/309
100/309
shell en cubo 2
173/309
67/309
28/309
161/309
11/309
117/309
shell en cubo 2
183/309
shell en cubo 2
172/309
shell en cubo 2
45/309
27/309
160/309
82/309
147/309
10/309
132/309
116/309
99/309
shell en cubo 2
182/309
shell en cubo 2
44/309
66/309
159/309
81/309
146/309
9/309
131/309
115/309
98/309
shell en cubo 2
171/309
65/309
26/309
145/309
8/309
130/309
97/309
shell en cubo 2
181/309
shell en cubo 2
170/309
shell en cubo 2
43/309
64/309
25/309
158/309
80/309
144/309
7/309
129/309
114/309
shell en cubo 2
96/309
shell en cubo 2
169/309
shell en cubo 2
42/309
63/309
24/309
157/309
79/309
143/309
6/309
128/309
113/309
201/309
shell en cubo 2
200/309
shell en cubo 2
41/309
shell en cubo 2
23/309
156/309
78/309
142/309
5/309
112/309
shell en cubo 2
127/309
95/309
shell en cubo 2
199/309
40/309
62/309
shell en cubo 2
22/309
4/309
111/309
210/309
shell en cubo 2
209/309
77/309
126/309
94/309
shell en cubo 2
198/309
39/309
shell en cubo 2
61/309
shell en cubo 2
21/309
76/309
219/309
218/309
3/309
110/309
93/309
shell en cubo 2
197/309
shell en cubo 2
208/309
38/309
60/309
shell en cubo 2
20/309
227/309
226/309
217/309
2/309
109/309
shell en cubo 2
207/309
shell en cubo 2
59/309
225/309
75/309
234/309
233/309
92/309
shell en cubo 2
196/309
37/309
shell en cubo 2
19/309
224/309
74/309
216/309
1/309
232/309
shell en cubo 2
206/309
shell en cubo 2
58/309
241/309
240/309
91/309
shell en cubo 2
195/309
215/309
231/309
73/309
shell en cubo 2
205/309
57/309
223/309
shell en cubo 2
214/309
247/309
246/309
230/309
239/309
shell en cubo 2
194/309
253/309
252/309
258/309
257/309
222/309
238/309
263/309
262/309
shell en cubo 2
193/309
shell en cubo 2
204/309
251/309
56/309
213/309
245/309
229/309
261/309
shell en cubo 2
203/309
55/309
256/309
221/309
267/309
266/309
shell en cubo 2
212/309
244/309
228/309
237/309
250/309
260/309
shell en cubo 2
192/309
shell en cubo 2
202/309
249/309
255/309
220/309
265/309
243/309
236/309
shell en cubo 2
271/309
270/309
254/309
264/309
shell en cubo 2
211/309
shell en cubo 2
242/309
235/309
259/309
shell en cubo 2
248/309
275/309
274/309
shell en cubo 2
269/309
278/309
277/309
281/309
280/309
273/309
276/309
284/309
283/309
268/309
293/309
292/309
279/309
296/309
295/309
287/309
286/309
290/309
289/309
299/309
298/309
302/309
301/309
282/309
305/309
304/309
285/309
272/309
291/309
294/309
288/309
300/309
297/309
303/309
308/309
307/309
309/309
306/309
SAVING RESULTS TO FILE: Results_4c_total
MATLAB is selecting SOFTWARE OPENGL rendering.

                            < M A T L A B (R) >
                  Copyright 1984-2017 The MathWorks, Inc.
                   R2017a (9.2.0.556344) 64-bit (glnxa64)
                               March 27, 2017

 
To get started, type one of these: helpwin, helpdesk, or demo.
For product information, visit www.mathworks.com.
 
Computing masses
Starting parallel pool (parpool) using the 'local' profile ...

309/309
308/309
307/309
306/309
305/309
304/309
303/309
302/309
301/309
300/309
299/309
298/309
297/309
296/309
295/309
294/309
293/309
292/309
291/309
290/309
289/309
288/309
287/309
286/309
285/309
284/309
283/309
282/309
281/309
280/309
279/309
278/309
277/309
276/309
275/309
274/309
273/309
272/309
271/309
270/309
269/309
268/309
267/309
266/309
265/309
264/309
263/309
262/309
261/309
260/309
259/309
258/309
257/309
256/309
255/309
254/309
253/309
252/309
251/309
250/309
249/309
248/309
247/309
246/309
245/309
244/309
243/309
242/309
241/309
240/309
239/309
238/309
237/309
236/309
235/309
234/309
233/309
232/309
231/309
230/309
229/309
228/309
227/309
226/309
225/309
224/309
223/309
222/309
221/309
220/309
shell en cubo 2
219/309
218/309
217/309
216/309
215/309
shell en cubo 2
214/309
213/309
shell en cubo 2
212/309
shell en cubo 2
211/309
shell en cubo 2
210/309
shell en cubo 2
209/309
shell en cubo 2
208/309
shell en cubo 2
207/309
shell en cubo 2
206/309
shell en cubo 2
205/309
shell en cubo 2
204/309
shell en cubo 2
203/309
shell en cubo 2
202/309
shell en cubo 2
201/309
shell en cubo 2
200/309
shell en cubo 2
199/309
shell en cubo 2
198/309
shell en cubo 2
197/309
shell en cubo 2
196/309
shell en cubo 2
195/309
shell en cubo 2
194/309
shell en cubo 2
193/309
shell en cubo 2
192/309
shell en cubo 2
191/309
shell en cubo 2
190/309
shell en cubo 2
189/309
shell en cubo 2
188/309
shell en cubo 2
187/309
shell en cubo 2
186/309
shell en cubo 2
185/309
shell en cubo 2
184/309
shell en cubo 2
183/309
shell en cubo 2
182/309
shell en cubo 2
181/309
shell en cubo 2
180/309
shell en cubo 2
179/309
shell en cubo 2
178/309
shell en cubo 2
177/309
shell en cubo 2
176/309
shell en cubo 2
175/309
shell en cubo 2
174/309
shell en cubo 2
173/309
shell en cubo 2
172/309
shell en cubo 2
171/309
shell en cubo 2
170/309
shell en cubo 2
169/309
shell en cubo 2
168/309
shell en cubo 2
167/309
shell en cubo 2
166/309
shell en cubo 2
165/309
shell en cubo 2
164/309
shell en cubo 2
163/309
shell en cubo 2
162/309
161/309
160/309
159/309
158/309
157/309
156/309
155/309
154/309
153/309
152/309
151/309
150/309
149/309
148/309
147/309
146/309
145/309
144/309
143/309
142/309
141/309
140/309
139/309
138/309
137/309
136/309
135/309
134/309
133/309
132/309
131/309
130/309
129/309
128/309
127/309
126/309
125/309
124/309
123/309
122/309
121/309
120/309
119/309
118/309
117/309
116/309
115/309
114/309
113/309
112/309
111/309
110/309
109/309
108/309
107/309
106/309
105/309
104/309
103/309
102/309
101/309
100/309
99/309
98/309
97/309
96/309
95/309
94/309
93/309
92/309
91/309
90/309
89/309
88/309
87/309
86/309
85/309
84/309
83/309
82/309
81/309
80/309
79/309
78/309
77/309
76/309
75/309
74/309
73/309
72/309
71/309
70/309
69/309
68/309
67/309
66/309
65/309
64/309
63/309
62/309
shell en cubo 2
61/309
60/309
shell en cubo 2
59/309
shell en cubo 2
58/309
57/309
56/309
55/309
54/309
53/309
52/309
shell en cubo 2
51/309
shell en cubo 2
50/309
49/309
48/309
47/309
46/309
shell en cubo 2
45/309
shell en cubo 2
44/309
shell en cubo 2
43/309
shell en cubo 2
42/309
shell en cubo 2
41/309
40/309
39/309
38/309
37/309
36/309
35/309
34/309
33/309
32/309
31/309
30/309
29/309
28/309
27/309
26/309
25/309
24/309
shell en cubo 2
23/309
shell en cubo 2
22/309
shell en cubo 2
21/309
shell en cubo 2
20/309
shell en cubo 2
19/309
18/309
17/309
16/309
15/309
14/309
13/309
12/309
11/309
10/309
9/309
8/309
7/309
6/309
5/309
4/309
3/309
2/309
1/309
SAVING RESULTS TO FILE: Results_4c_total
MATLAB is selecting SOFTWARE OPENGL rendering.

                            < M A T L A B (R) >
                  Copyright 1984-2017 The MathWorks, Inc.
                   R2017a (9.2.0.556344) 64-bit (glnxa64)
                               March 27, 2017

 
To get started, type one of these: helpwin, helpdesk, or demo.
For product information, visit www.mathworks.com.
 
Computing masses
Starting parallel pool (parpool) using the 'local' profile ...
309/309
308/309
307/309
306/309
305/309
304/309
303/309
302/309
301/309
300/309
299/309
298/309
297/309
296/309
295/309
294/309
293/309
292/309
291/309
290/309
289/309
288/309
287/309
286/309
285/309
284/309
283/309
282/309
281/309
280/309
279/309
278/309
277/309
276/309
275/309
274/309
273/309
272/309
271/309
270/309
269/309
268/309
267/309
266/309
265/309
264/309
263/309
262/309
261/309
260/309
259/309
258/309
257/309
256/309
255/309
254/309
253/309
252/309
251/309
250/309
249/309
248/309
247/309
246/309
245/309
244/309
243/309
242/309
241/309
240/309
239/309
238/309
237/309
236/309
235/309
234/309
233/309
232/309
231/309
230/309
229/309
228/309
227/309
226/309
225/309
224/309
223/309
222/309
221/309
220/309
shell en cubo 2
219/309
218/309
217/309
216/309
215/309
shell en cubo 2
214/309
213/309
shell en cubo 2
212/309
shell en cubo 2
211/309
shell en cubo 2
210/309
shell en cubo 2
209/309
shell en cubo 2
208/309
shell en cubo 2
207/309
shell en cubo 2
206/309
shell en cubo 2
205/309
shell en cubo 2
204/309
shell en cubo 2
203/309
shell en cubo 2
202/309
shell en cubo 2
201/309
shell en cubo 2
200/309
shell en cubo 2
199/309
shell en cubo 2
198/309
shell en cubo 2
197/309
shell en cubo 2
196/309
shell en cubo 2
195/309
shell en cubo 2
194/309
shell en cubo 2
193/309
shell en cubo 2
192/309
shell en cubo 2
191/309
shell en cubo 2
190/309
shell en cubo 2
189/309
shell en cubo 2
188/309
shell en cubo 2
187/309
shell en cubo 2
186/309
shell en cubo 2
185/309
shell en cubo 2
184/309
shell en cubo 2
183/309
shell en cubo 2
182/309
shell en cubo 2
181/309
shell en cubo 2
180/309
shell en cubo 2
179/309
shell en cubo 2
178/309
shell en cubo 2
177/309
shell en cubo 2
176/309
shell en cubo 2
175/309
shell en cubo 2
174/309
shell en cubo 2
173/309
shell en cubo 2
172/309
shell en cubo 2
171/309
shell en cubo 2
170/309
shell en cubo 2
169/309
shell en cubo 2
168/309
shell en cubo 2
167/309
shell en cubo 2
166/309
shell en cubo 2
165/309
shell en cubo 2
164/309
shell en cubo 2
163/309
shell en cubo 2
162/309
161/309
160/309
159/309
158/309
157/309
156/309
155/309
154/309
153/309
152/309
151/309
150/309
149/309
148/309
147/309
146/309
145/309
144/309
143/309
142/309
[Warning: Matrix is close to singular or badly scaled. Results may be
inaccurate. RCOND =  1.970962e-16.] 
[> In ellipse_fit_opt_V2 (line 7)
  In depurar_puntos_V5 (line 6)
  In compute_mass_V5 (line 206)
  In parallel_function (line 478)
  In run_all_masses (line 22)
  In Compute_4c_total (line 26)] 
141/309
140/309
139/309
138/309
137/309
136/309
135/309
134/309
133/309
132/309
131/309
130/309
129/309
128/309
127/309
126/309
125/309
124/309
123/309
122/309
121/309
120/309
119/309
118/309
117/309
116/309
115/309
114/309
113/309
112/309
111/309
110/309
109/309
108/309
107/309
106/309
105/309
104/309
103/309
102/309
101/309
100/309
99/309
98/309
97/309
96/309
95/309
94/309
93/309
92/309
91/309
90/309
89/309
88/309
87/309
86/309
85/309
84/309
83/309
82/309
81/309
80/309
79/309
[Warning: Matrix is close to singular or badly scaled. Results may be
inaccurate. RCOND =  2.015121e-16.] 
[> In ellipse_fit_opt_V2 (line 7)
  In depurar_puntos_V5 (line 6)
  In compute_mass_V5 (line 206)
  In parallel_function (line 478)
  In run_all_masses (line 22)
  In Compute_4c_total (line 26)] 
[Warning: Matrix is close to singular or badly scaled. Results may be
inaccurate. RCOND =  2.015121e-16.] 
[> In ellipse_fit_opt_V2 (line 7)
  In depurar_puntos_V5 (line 6)
  In compute_mass_V5 (line 206)
  In parallel_function (line 478)
  In run_all_masses (line 22)
  In Compute_4c_total (line 26)] 
[Warning: Matrix is close to singular or badly scaled. Results may be
inaccurate. RCOND =  2.015121e-16.] 
[> In ellipse_fit_opt_V2 (line 7)
  In depurar_puntos_V5 (line 6)
  In compute_mass_V5 (line 206)
  In parallel_function (line 478)
  In run_all_masses (line 22)
  In Compute_4c_total (line 26)] 
[Warning: Matrix is close to singular or badly scaled. Results may be
inaccurate. RCOND =  2.015121e-16.] 
[> In ellipse_fit_opt_V2 (line 7)
  In depurar_puntos_V5 (line 6)
  In compute_mass_V5 (line 206)
  In parallel_function (line 478)
  In run_all_masses (line 22)
  In Compute_4c_total (line 26)] 
[Warning: Matrix is close to singular or badly scaled. Results may be
inaccurate. RCOND =  2.015121e-16.] 
[> In ellipse_fit_opt_V2 (line 7)
  In depurar_puntos_V5 (line 6)
  In compute_mass_V5 (line 206)
  In parallel_function (line 478)
  In run_all_masses (line 22)
  In Compute_4c_total (line 26)] 
[Warning: Matrix is close to singular or badly scaled. Results may be
inaccurate. RCOND =  2.015121e-16.] 
[> In ellipse_fit_opt_V2 (line 7)
  In depurar_puntos_V5 (line 6)
  In compute_mass_V5 (line 206)
  In parallel_function (line 478)
  In run_all_masses (line 22)
  In Compute_4c_total (line 26)] 
78/309
[Warning: Matrix is close to singular or badly scaled. Results may be
inaccurate. RCOND =  1.332885e-16.] 
[> In ellipse_fit_opt_V2 (line 7)
  In depurar_puntos_V5 (line 6)
  In compute_mass_V5 (line 206)
  In parallel_function (line 478)
  In run_all_masses (line 22)
  In Compute_4c_total (line 26)] 
[Warning: Matrix is close to singular or badly scaled. Results may be
inaccurate. RCOND =  1.332885e-16.] 
[> In ellipse_fit_opt_V2 (line 7)
  In depurar_puntos_V5 (line 6)
  In compute_mass_V5 (line 206)
  In parallel_function (line 478)
  In run_all_masses (line 22)
  In Compute_4c_total (line 26)] 
[Warning: Matrix is close to singular or badly scaled. Results may be
inaccurate. RCOND =  1.332885e-16.] 
[> In ellipse_fit_opt_V2 (line 7)
  In depurar_puntos_V5 (line 6)
  In compute_mass_V5 (line 206)
  In parallel_function (line 478)
  In run_all_masses (line 22)
  In Compute_4c_total (line 26)] 
77/309
76/309
75/309
74/309
73/309
72/309
71/309
70/309
69/309
68/309
67/309
66/309
65/309
64/309
63/309
[Warning: Matrix is close to singular or badly scaled. Results may be
inaccurate. RCOND =  1.547593e-16.] 
[> In ellipse_fit_opt_V2 (line 7)
  In depurar_puntos_V5 (line 6)
  In compute_mass_V5 (line 206)
  In parallel_function (line 478)
  In run_all_masses (line 22)
  In Compute_4c_total (line 26)] 
[Warning: Matrix is close to singular or badly scaled. Results may be
inaccurate. RCOND =  1.547593e-16.] 
[> In ellipse_fit_opt_V2 (line 7)
  In depurar_puntos_V5 (line 6)
  In compute_mass_V5 (line 206)
  In parallel_function (line 478)
  In run_all_masses (line 22)
  In Compute_4c_total (line 26)] 
[Warning: Matrix is close to singular or badly scaled. Results may be
inaccurate. RCOND =  1.547593e-16.] 
[> In ellipse_fit_opt_V2 (line 7)
  In depurar_puntos_V5 (line 6)
  In compute_mass_V5 (line 206)
  In parallel_function (line 478)
  In run_all_masses (line 22)
  In Compute_4c_total (line 26)] 
[Warning: Matrix is close to singular or badly scaled. Results may be
inaccurate. RCOND =  1.547593e-16.] 
[> In ellipse_fit_opt_V2 (line 7)
  In depurar_puntos_V5 (line 6)
  In compute_mass_V5 (line 206)
  In parallel_function (line 478)
  In run_all_masses (line 22)
  In Compute_4c_total (line 26)] 
62/309
shell en cubo 2
61/309
60/309
shell en cubo 2
59/309
shell en cubo 2
58/309
57/309
56/309
55/309
54/309
53/309
52/309
shell en cubo 2
51/309
shell en cubo 2
50/309
49/309
48/309
47/309
46/309
shell en cubo 2
45/309
shell en cubo 2
44/309
shell en cubo 2
43/309
shell en cubo 2
42/309
shell en cubo 2
41/309
40/309
39/309
38/309
37/309
36/309
35/309
34/309
33/309
32/309
31/309
30/309
29/309
28/309
27/309
26/309
25/309
24/309
shell en cubo 2
23/309
shell en cubo 2
22/309
shell en cubo 2
21/309
shell en cubo 2
20/309
shell en cubo 2
19/309
18/309
17/309
16/309
15/309
14/309
13/309
12/309
11/309
10/309
9/309
8/309
7/309
6/309
5/309
4/309
3/309
2/309
1/309
SAVING RESULTS TO FILE: Results_4c_total
>> 